<?xml version="1.0" encoding="UTF-8"?>
<!-- Generated by org.testng.reporters.JUnitXMLReporter -->
<testsuite ignored="14" hostname="TVDI-014" failures="1" tests="1" name="Default test" time="5.072" errors="0" timestamp="2023-05-25T09:32:30 IST">
  <testcase classname="org.practise_API.EmployeeDetails" name="tc06_basic_Auth" time="4.99">
    <failure type="java.lang.AssertionError" message="1 expectation failed.
JSON path authenticated doesn&amp;apos;t match.
Expected: is &amp;lt;false&amp;gt;
  Actual: &amp;lt;true&amp;gt;
">
      <![CDATA[java.lang.AssertionError: 1 expectation failed.
JSON path authenticated doesn't match.
Expected: is <false>
  Actual: <true>

at java.base/jdk.internal.reflect.NativeConstructorAccessorImpl.newInstance0(Native Method)
at java.base/jdk.internal.reflect.NativeConstructorAccessorImpl.newInstance(NativeConstructorAccessorImpl.java:77)
at java.base/jdk.internal.reflect.DelegatingConstructorAccessorImpl.newInstance(DelegatingConstructorAccessorImpl.java:45)
at java.base/java.lang.reflect.Constructor.newInstanceWithCaller(Constructor.java:499)
at java.base/java.lang.reflect.Constructor.newInstance(Constructor.java:480)
at org.codehaus.groovy.reflection.CachedConstructor.invoke(CachedConstructor.java:73)
at org.codehaus.groovy.runtime.callsite.ConstructorSite$ConstructorSiteNoUnwrapNoCoerce.callConstructor(ConstructorSite.java:108)
at org.codehaus.groovy.runtime.callsite.CallSiteArray.defaultCallConstructor(CallSiteArray.java:57)
at org.codehaus.groovy.runtime.callsite.AbstractCallSite.callConstructor(AbstractCallSite.java:263)
at org.codehaus.groovy.runtime.callsite.AbstractCallSite.callConstructor(AbstractCallSite.java:277)
at io.restassured.internal.ResponseSpecificationImpl$HamcrestAssertionClosure.validate(ResponseSpecificationImpl.groovy:512)
at io.restassured.internal.ResponseSpecificationImpl$HamcrestAssertionClosure$validate$1.call(Unknown Source)
at org.codehaus.groovy.runtime.callsite.CallSiteArray.defaultCall(CallSiteArray.java:45)
at org.codehaus.groovy.runtime.callsite.AbstractCallSite.call(AbstractCallSite.java:125)
at org.codehaus.groovy.runtime.callsite.AbstractCallSite.call(AbstractCallSite.java:139)
at io.restassured.internal.ResponseSpecificationImpl.validateResponseIfRequired(ResponseSpecificationImpl.groovy:696)
at io.restassured.internal.ResponseSpecificationImpl.this$2$validateResponseIfRequired(ResponseSpecificationImpl.groovy)
at java.base/jdk.internal.reflect.NativeMethodAccessorImpl.invoke0(Native Method)
at java.base/jdk.internal.reflect.NativeMethodAccessorImpl.invoke(NativeMethodAccessorImpl.java:77)
at java.base/jdk.internal.reflect.DelegatingMethodAccessorImpl.invoke(DelegatingMethodAccessorImpl.java:43)
at java.base/java.lang.reflect.Method.invoke(Method.java:568)
at org.codehaus.groovy.runtime.callsite.PlainObjectMetaMethodSite.doInvoke(PlainObjectMetaMethodSite.java:43)
at org.codehaus.groovy.runtime.callsite.PogoMetaMethodSite$PogoCachedMethodSiteNoUnwrapNoCoerce.invoke(PogoMetaMethodSite.java:198)
at org.codehaus.groovy.runtime.callsite.PogoMetaMethodSite.callCurrent(PogoMetaMethodSite.java:62)
at org.codehaus.groovy.runtime.callsite.CallSiteArray.defaultCallCurrent(CallSiteArray.java:49)
at org.codehaus.groovy.runtime.callsite.AbstractCallSite.callCurrent(AbstractCallSite.java:171)
at org.codehaus.groovy.runtime.callsite.AbstractCallSite.callCurrent(AbstractCallSite.java:185)
at io.restassured.internal.ResponseSpecificationImpl.body(ResponseSpecificationImpl.groovy:270)
at io.restassured.specification.ResponseSpecification$body$0.callCurrent(Unknown Source)
at org.codehaus.groovy.runtime.callsite.CallSiteArray.defaultCallCurrent(CallSiteArray.java:49)
at org.codehaus.groovy.runtime.callsite.AbstractCallSite.callCurrent(AbstractCallSite.java:171)
at org.codehaus.groovy.runtime.callsite.AbstractCallSite.callCurrent(AbstractCallSite.java:212)
at io.restassured.internal.ResponseSpecificationImpl.body(ResponseSpecificationImpl.groovy:117)
at io.restassured.internal.ValidatableResponseOptionsImpl.body(ValidatableResponseOptionsImpl.java:244)
at org.practise_API.EmployeeDetails.tc06_basic_Auth(EmployeeDetails.java:114)
at java.base/jdk.internal.reflect.NativeMethodAccessorImpl.invoke0(Native Method)
at java.base/jdk.internal.reflect.NativeMethodAccessorImpl.invoke(NativeMethodAccessorImpl.java:77)
at java.base/jdk.internal.reflect.DelegatingMethodAccessorImpl.invoke(DelegatingMethodAccessorImpl.java:43)
at java.base/java.lang.reflect.Method.invoke(Method.java:568)
at org.testng.internal.invokers.MethodInvocationHelper.invokeMethod(MethodInvocationHelper.java:139)
at org.testng.internal.invokers.TestInvoker.invokeMethod(TestInvoker.java:677)
at org.testng.internal.invokers.TestInvoker.invokeTestMethod(TestInvoker.java:221)
at org.testng.internal.invokers.MethodRunner.runInSequence(MethodRunner.java:50)
at org.testng.internal.invokers.TestInvoker$MethodInvocationAgent.invoke(TestInvoker.java:969)
at org.testng.internal.invokers.TestInvoker.invokeTestMethods(TestInvoker.java:194)
at org.testng.internal.invokers.TestMethodWorker.invokeTestMethods(TestMethodWorker.java:148)
at org.testng.internal.invokers.TestMethodWorker.run(TestMethodWorker.java:128)
at java.base/java.util.ArrayList.forEach(ArrayList.java:1511)
at org.testng.TestRunner.privateRun(TestRunner.java:829)
at org.testng.TestRunner.run(TestRunner.java:602)
at org.testng.SuiteRunner.runTest(SuiteRunner.java:437)
at org.testng.SuiteRunner.runSequentially(SuiteRunner.java:431)
at org.testng.SuiteRunner.privateRun(SuiteRunner.java:391)
at org.testng.SuiteRunner.run(SuiteRunner.java:330)
at org.testng.SuiteRunnerWorker.runSuite(SuiteRunnerWorker.java:52)
at org.testng.SuiteRunnerWorker.run(SuiteRunnerWorker.java:95)
at org.testng.TestNG.runSuitesSequentially(TestNG.java:1256)
at org.testng.TestNG.runSuitesLocally(TestNG.java:1176)
at org.testng.TestNG.runSuites(TestNG.java:1099)
at org.testng.TestNG.run(TestNG.java:1067)
at org.testng.remote.AbstractRemoteTestNG.run(AbstractRemoteTestNG.java:115)
at org.testng.remote.RemoteTestNG.initAndRun(RemoteTestNG.java:251)
at org.testng.remote.RemoteTestNG.main(RemoteTestNG.java:77)
]]>
    </failure>
  </testcase> <!-- tc06_basic_Auth -->
  <testcase classname="org.practise_API.EmployeeDetails" name="tc04_bDD_getAll" time="0.0">
    <ignored/>
  </testcase> <!-- tc04_bDD_getAll -->
  <testcase classname="org.practise_API.EmployeeDetails" name="tc07_Get_all_repo" time="0.0">
    <ignored/>
  </testcase> <!-- tc07_Get_all_repo -->
  <testcase classname="org.practise_API.EmployeeDetails" name="tc15_deleteuser_chaining" time="0.0">
    <ignored/>
  </testcase> <!-- tc15_deleteuser_chaining -->
  <testcase classname="org.practise_API.EmployeeDetails" name="tc11_SchemaValidation" time="0.0">
    <ignored/>
  </testcase> <!-- tc11_SchemaValidation -->
  <testcase classname="org.practise_API.EmployeeDetails" name="tc05_postData_jsonFile" time="0.0">
    <ignored/>
  </testcase> <!-- tc05_postData_jsonFile -->
  <testcase classname="org.practise_API.EmployeeDetails" name="tc09_Patch_repo" time="0.0">
    <ignored/>
  </testcase> <!-- tc09_Patch_repo -->
  <testcase classname="org.practise_API.EmployeeDetails" name="tc12_SchemaValidation_in_hamcrest" time="0.0">
    <ignored/>
  </testcase> <!-- tc12_SchemaValidation_in_hamcrest -->
  <testcase classname="org.practise_API.EmployeeDetails" name="tc03_deleteEmployee" time="0.0">
    <ignored/>
  </testcase> <!-- tc03_deleteEmployee -->
  <testcase classname="org.practise_API.EmployeeDetails" name="tc10_Delete_repo" time="0.0">
    <ignored/>
  </testcase> <!-- tc10_Delete_repo -->
  <testcase classname="org.practise_API.EmployeeDetails" name="tc13_createuser_reqChaining" time="0.0">
    <ignored/>
  </testcase> <!-- tc13_createuser_reqChaining -->
  <testcase classname="org.practise_API.EmployeeDetails" name="tc01_createMethod_usingHardCode" time="0.0">
    <ignored/>
  </testcase> <!-- tc01_createMethod_usingHardCode -->
  <testcase classname="org.practise_API.EmployeeDetails" name="tc02_updateEmployee" time="0.0">
    <ignored/>
  </testcase> <!-- tc02_updateEmployee -->
  <testcase classname="org.practise_API.EmployeeDetails" name="tc14_updateuser_chaining" time="0.0">
    <ignored/>
  </testcase> <!-- tc14_updateuser_chaining -->
  <testcase classname="org.practise_API.EmployeeDetails" name="tc08_Post_Repo" time="0.0">
    <ignored/>
  </testcase> <!-- tc08_Post_Repo -->
</testsuite> <!-- Default test -->
